Copyright 1986-2019 Xilinx, Inc. All Rights Reserved.
------------------------------------------------------------------------------------------------------------------
| Tool Version : Vivado v.2019.2 (win64) Build 2708876 Wed Nov  6 21:40:23 MST 2019
| Date         : Tue Nov 19 15:15:25 2024
| Host         : DESKTOP-RRQBLO5 running 64-bit major release  (build 9200)
| Command      : report_drc -file UART_TOP_drc_routed.rpt -pb UART_TOP_drc_routed.pb -rpx UART_TOP_drc_routed.rpx
| Design       : UART_TOP
| Device       : xc7a35tcpg236-1
| Speed File   : -1
| Design State : Fully Routed
------------------------------------------------------------------------------------------------------------------

Report DRC

Table of Contents
-----------------
1. REPORT SUMMARY
2. REPORT DETAILS

1. REPORT SUMMARY
-----------------
            Netlist: netlist
          Floorplan: design_1
      Design limits: <entire design considered>
           Ruledeck: default
             Max violations: <unlimited>
             Violations found: 2
+-------------+----------+-------------------------------------------------------------+------------+
| Rule        | Severity | Description                                                 | Violations |
+-------------+----------+-------------------------------------------------------------+------------+
| PDRC-153    | Warning  | Gated clock check                                           | 1          |
| PLHOLDVIO-2 | Warning  | Non-Optimal connections which could lead to hold violations | 1          |
+-------------+----------+-------------------------------------------------------------+------------+

2. REPORT DETAILS
-----------------
PDRC-153#1 Warning
Gated clock check  
Net vga/vga_c/w_25MHz is a gated clock net sourced by a combinational pin vga/vga_c/h_count_next[9]_i_2/O, cell vga/vga_c/h_count_next[9]_i_2. This is not good design practice and will likely impact performance. For SLICE registers, for example, use the CE pin to control the loading of data.
Related violations: <none>

PLHOLDVIO-2#1 Warning
Non-Optimal connections which could lead to hold violations  
A LUT vga/vga_c/h_count_next[9]_i_2 is driving clock pin of 20 cells. This could lead to large hold time violations. Involved cells are:
vga/vga_c/h_count_next_reg[0], vga/vga_c/h_count_next_reg[1], vga/vga_c/h_count_next_reg[2], vga/vga_c/h_count_next_reg[3], vga/vga_c/h_count_next_reg[4], vga/vga_c/h_count_next_reg[5], vga/vga_c/h_count_next_reg[6], vga/vga_c/h_count_next_reg[7], vga/vga_c/h_count_next_reg[8], vga/vga_c/h_count_next_reg[9], vga/vga_c/v_count_next_reg[0], vga/vga_c/v_count_next_reg[1], vga/vga_c/v_count_next_reg[2], vga/vga_c/v_count_next_reg[3], vga/vga_c/v_count_next_reg[4] (the first 15 of 20 listed)
Related violations: <none>


